<?xml version="1.0" encoding="UTF-8"?>
<testsuites name="SCN_005" time="29.544" tests="1" failures="0" errors="0">
   <testsuite name="SCN_005" tests="1" failures="0" errors="0" time="29.544" skipped="0" timestamp="2023-05-14 17:10:30" hostname="Mulia Estuari - DESKTOP-C1VBO9R" id="Test Suites/SCN_005">
      <properties>
         <property name="deviceName" value=""/>
         <property name="devicePlatform" value=""/>
         <property name="logFolder" value="C:\\Users\\Mulia Estuari\\git\\ProjectAutomation\\Reports\\20230514_171024\\SCN_005\\20230514_171024"/>
         <property name="logFiles" value="C:\\Users\\Mulia Estuari\\git\\ProjectAutomation\\Reports\\20230514_171024\\SCN_005\\20230514_171024\\execution0.log"/>
         <property name="attachments" value="C:\\Users\\Mulia Estuari\\git\\ProjectAutomation\\Reports\\20230514_171024\\SCN_005\\20230514_171024\\1684059048614.png, C:\\Users\\Mulia Estuari\\git\\ProjectAutomation\\Reports\\20230514_171024\\SCN_005\\20230514_171024\\1684059050371.png, C:\\Users\\Mulia Estuari\\git\\ProjectAutomation\\Reports\\20230514_171024\\SCN_005\\20230514_171024\\1684059053329.png, C:\\Users\\Mulia Estuari\\git\\ProjectAutomation\\Reports\\20230514_171024\\SCN_005\\20230514_171024\\1684059055884.png, C:\\Users\\Mulia Estuari\\git\\ProjectAutomation\\Reports\\20230514_171024\\SCN_005\\20230514_171024\\1684059058397.png"/>
         <property name="hostName" value="Mulia Estuari - DESKTOP-C1VBO9R"/>
         <property name="os" value="Windows 10 64bit"/>
         <property name="katalonVersion" value="8.6.0.208"/>
         <property name="browser" value="Chrome 113.0.0.0"/>
         <property name="hostAddress" value="192.168.53.7"/>
         <property name="sessionId" value="71f372c801133196be2e516ccd6ff219"/>
         <property name="seleniumVersion" value="3.141.59"/>
         <property name="proxyInformation" value="ProxyInformation { proxyOption=NO_PROXY, proxyServerType=HTTP, username=, password=********, proxyServerAddress=, proxyServerPort=0, executionList=&quot;&quot;, isApplyToDesiredCapabilities=true }"/>
         <property name="platform" value="Windows 10"/>
      </properties>
      <testcase name="Test Cases/SCN_005_TC_001_Web" time="28.864" classname="Test Cases/SCN_005_TC_001_Web" status="PASSED">
         <system-out><![CDATA[2023-05-14 17:10:30 - [TEST_CASE][PASSED] - Test Cases/SCN_005_TC_001_Web: Test Cases/SCN_005_TC_001_Web

2023-05-14 17:10:31 - [TEST_STEP][PASSED] - email = "estu@gmail.com": null

2023-05-14 17:10:31 - [TEST_STEP][PASSED] - openBrowser("https://www.paper.id/"): Browser is opened with url: 'https://www.paper.id/'

2023-05-14 17:10:32 - [MESSAGE][INFO] - Starting 'Chrome' driver

2023-05-14 17:10:32 - [MESSAGE][INFO] - Action delay is set to 0 milliseconds

2023-05-14 17:10:40 - [MESSAGE][PASSED] - Browser is opened with url: 'https://www.paper.id/'

2023-05-14 17:10:40 - [TEST_STEP][PASSED] - if (verifyElementClickable(findTestObject("Object Repository/Page_Paper.id/btn_LOGIN"))): null

2023-05-14 17:10:42 - [MESSAGE][PASSED] - Object 'Object Repository/Page_Paper.id/btn_LOGIN' is clickable

2023-05-14 17:10:42 - [TEST_STEP][PASSED] - click(findTestObject("Object Repository/Page_Paper.id/btn_LOGIN")): Object: 'Object Repository/Page_Paper.id/btn_LOGIN' is clicked on

2023-05-14 17:10:47 - [MESSAGE][PASSED] - Object: 'Object Repository/Page_Paper.id/btn_LOGIN' is clicked on

2023-05-14 17:10:47 - [TEST_STEP][PASSED] - takeScreenshot(): Taking screenshot successfully

2023-05-14 17:10:48 - [MESSAGE][PASSED] - Taking screenshot successfully
[[ATTACHMENT|C:\\Users\\Mulia Estuari\\git\\ProjectAutomation\\Reports\\20230514_171024\\SCN_005\\20230514_171024\\1684059048614.png]]

2023-05-14 17:10:48 - [TEST_STEP][PASSED] - setText(findTestObject("Object Repository/Page_Paper.id/input_Email"), email): Text 'estu@gmail.com' is set on object 'Object Repository/Page_Paper.id/input_Email'

2023-05-14 17:10:50 - [MESSAGE][PASSED] - Text 'estu@gmail.com' is set on object 'Object Repository/Page_Paper.id/input_Email'

2023-05-14 17:10:50 - [TEST_STEP][PASSED] - takeScreenshot(): Taking screenshot successfully

2023-05-14 17:10:50 - [MESSAGE][PASSED] - Taking screenshot successfully
[[ATTACHMENT|C:\\Users\\Mulia Estuari\\git\\ProjectAutomation\\Reports\\20230514_171024\\SCN_005\\20230514_171024\\1684059050371.png]]

2023-05-14 17:10:50 - [TEST_STEP][PASSED] - for ([i = 0, i < 3, (i++)]): Taking screenshot successfully

2023-05-14 17:10:50 - [TEST_STEP][PASSED] - click(findTestObject("Object Repository/Page_Paper.id/btn_Selanjutnya")): Object: 'Object Repository/Page_Paper.id/btn_Selanjutnya' is clicked on

2023-05-14 17:10:51 - [MESSAGE][PASSED] - Object: 'Object Repository/Page_Paper.id/btn_Selanjutnya' is clicked on

2023-05-14 17:10:51 - [TEST_STEP][PASSED] - takeScreenshot(): Taking screenshot successfully

2023-05-14 17:10:53 - [MESSAGE][PASSED] - Taking screenshot successfully
[[ATTACHMENT|C:\\Users\\Mulia Estuari\\git\\ProjectAutomation\\Reports\\20230514_171024\\SCN_005\\20230514_171024\\1684059053329.png]]

2023-05-14 17:10:53 - [TEST_STEP][PASSED] - click(findTestObject("Object Repository/Page_Paper.id/btn_Selanjutnya")): Object: 'Object Repository/Page_Paper.id/btn_Selanjutnya' is clicked on

2023-05-14 17:10:54 - [MESSAGE][PASSED] - Object: 'Object Repository/Page_Paper.id/btn_Selanjutnya' is clicked on

2023-05-14 17:10:54 - [TEST_STEP][PASSED] - takeScreenshot(): Taking screenshot successfully

2023-05-14 17:10:56 - [MESSAGE][PASSED] - Taking screenshot successfully
[[ATTACHMENT|C:\\Users\\Mulia Estuari\\git\\ProjectAutomation\\Reports\\20230514_171024\\SCN_005\\20230514_171024\\1684059055884.png]]

2023-05-14 17:10:56 - [TEST_STEP][PASSED] - click(findTestObject("Object Repository/Page_Paper.id/btn_Selanjutnya")): Object: 'Object Repository/Page_Paper.id/btn_Selanjutnya' is clicked on

2023-05-14 17:10:56 - [MESSAGE][PASSED] - Object: 'Object Repository/Page_Paper.id/btn_Selanjutnya' is clicked on

2023-05-14 17:10:56 - [TEST_STEP][PASSED] - takeScreenshot(): Taking screenshot successfully

2023-05-14 17:10:58 - [MESSAGE][PASSED] - Taking screenshot successfully
[[ATTACHMENT|C:\\Users\\Mulia Estuari\\git\\ProjectAutomation\\Reports\\20230514_171024\\SCN_005\\20230514_171024\\1684059058397.png]]

2023-05-14 17:10:58 - [TEST_STEP][PASSED] - closeBrowser(): Browser is closed

2023-05-14 17:10:59 - [MESSAGE][PASSED] - Browser is closed]]></system-out>
         <system-err><![CDATA[]]></system-err>
      </testcase>
      <system-out><![CDATA[2023-05-14 17:10:30 - [TEST_SUITE][PASSED] - SCN_005: Test Cases/SCN_005_TC_001_Web]]></system-out>
      <system-err><![CDATA[]]></system-err>
   </testsuite>
</testsuites>
